[35m[Appium][39m Welcome to Appium v1.22.3
[35m[Appium][39m Non-default server args:
[35m[Appium][39m   port: 63031
[35m[Appium][39m   loglevel: info
[35m[Appium][39m   tmpDir: C:\Users\asus\AppData\Local\Temp\\Katalon\Appium\Temp1676126212212
[35m[Appium][39m   chromedriverPort: 63038
[35m[Appium][39m Deprecated server args:
[35m[Appium][39m   [31m--chromedriver-port[39m => --default-capabilities
[35m[Appium][39m Default capabilities, which will be added to each request unless overridden by desired capabilities:
[35m[Appium][39m   chromedriverPort: 63038
[35m[Appium][39m Appium REST http interface listener started on 0.0.0.0:63031
[35m[HTTP][39m [37m-->[39m [37mGET[39m [37m/wd/hub/status[39m
[35m[HTTP][39m [90m{}[39m
[35m[HTTP][39m [37m<-- GET /wd/hub/status [39m[32m200[39m [90m8 ms - 68[39m
[35m[HTTP][39m [90m[39m
[35m[HTTP][39m [37m-->[39m [37mGET[39m [37m/wd/hub/status[39m
[35m[HTTP][39m [90m{}[39m
[35m[HTTP][39m [37m<-- GET /wd/hub/status [39m[32m200[39m [90m1 ms - 68[39m
[35m[HTTP][39m [90m[39m
[35m[HTTP][39m [37m-->[39m [37mPOST[39m [37m/wd/hub/session[39m
[35m[HTTP][39m [90m{"desiredCapabilities":{"appActivity":".Settings","appPackage":"com.android.settings","newCommandTimeout":1800,"platformVersion":"8.0.0","automationName":"uiautomator2","autoGrantPermissions":true,"platformName":"Android","udid":"emulator-5554","deviceName":"emulator-5554 (Android SDK built for x86 - Android 8.0.0)","platform":"ANDROID","systemPort":8275},"capabilities":{"firstMatch":[{"appium:appActivity":".Settings","appium:appPackage":"com.android.settings","appium:autoGrantPermissions":true,"appium:automationName":"uiautomator2","appium:deviceName":"emulator-5554 (Android SDK built for x86 - Android 8.0.0)","appium:newCommandTimeout":1800,"platform":"ANDROID","platformName":"android","appium:platformVersion":"8.0.0","appium:systemPort":8275,"appium:udid":"emulator-5554"}]}}[39m
[35m[BaseDriver][39m The following capabilities are not standard capabilities and should have an extension prefix:
[35m[BaseDriver][39m   platform
[35m[BaseDriver][39m   chromedriverPort
[35m[Appium][39m Appium v1.22.3 creating new AndroidUiautomator2Driver (v1.70.1) session
[35m[BaseDriver][39m The following capabilities were provided, but are not recognized by Appium:
[35m[BaseDriver][39m   platform
[35m[BaseDriver][39m Session created with session id: 83ebb642-5720-447e-a3d9-49cb2ad13989
[35m[UiAutomator2][39m Starting 'com.android.settings' directly on the device
[35m[ADB][39m Found 1 'build-tools' folders under 'C:\Users\asus\.katalon\tools\android_sdk' (newest first):
[35m[ADB][39m     C:/Users/asus/.katalon/tools/android_sdk/build-tools/29.0.3
[35m[ADB][39m Using 'adb.exe' from 'C:\Users\asus\.katalon\tools\android_sdk\platform-tools\adb.exe'
[35m[AndroidDriver][39m Retrieving device list
[35m[AndroidDriver][39m Using device: emulator-5554
[35m[ADB][39m Using 'adb.exe' from 'C:\Users\asus\.katalon\tools\android_sdk\platform-tools\adb.exe'
[35m[AndroidDriver][39m No app sent in, not parsing package/activity
[35m[ADB][39m Using 'apksigner.jar' from 'C:\Users\asus\.katalon\tools\android_sdk\build-tools\29.0.3\lib\apksigner.jar'
[35m[ADB][39m 'C:\Users\asus\AppData\Roaming\npm\node_modules\appium\node_modules\appium-uiautomator2-server\apks\appium-uiautomator2-server-v4.27.0.apk' is signed with the default certificate
[35m[ADB][39m 'C:\Users\asus\AppData\Roaming\npm\node_modules\appium\node_modules\appium-uiautomator2-server\apks\appium-uiautomator2-server-debug-androidTest.apk' is signed with the default certificate
[35m[UiAutomator2][39m Server packages are not going to be (re)installed
[35m[ADB][39m Adding packages ["io.appium.settings","io.appium.uiautomator2.server","io.appium.uiautomator2.server.test"] to Doze whitelist
[35m[UiAutomator2][39m Starting UIAutomator2 server 4.27.0
[35m[UiAutomator2][39m Using UIAutomator2 server from 'C:\Users\asus\AppData\Roaming\npm\node_modules\appium\node_modules\appium-uiautomator2-server\apks\appium-uiautomator2-server-v4.27.0.apk' and test from 'C:\Users\asus\AppData\Roaming\npm\node_modules\appium\node_modules\appium-uiautomator2-server\apks\appium-uiautomator2-server-debug-androidTest.apk'
[35m[UiAutomator2][39m Waiting up to 30000ms for UiAutomator2 to be online...
[35m[WD Proxy][39m socket hang up
[35m[WD Proxy][39m socket hang up
[35m[WD Proxy][39m socket hang up
[35m[WD Proxy][39m Determined the downstream protocol as 'W3C'
[35m[AndroidDriver][39m Screen already unlocked, doing nothing
[35m[UiAutomator2][39m Starting 'com.android.settings/.Settings and waiting for 'com.android.settings/.Settings'
[35m[Appium][39m New AndroidUiautomator2Driver session created successfully, session 83ebb642-5720-447e-a3d9-49cb2ad13989 added to master session list
[35m[HTTP][39m [37m<-- POST /wd/hub/session [39m[32m200[39m [90m14563 ms - 1210[39m
[35m[HTTP][39m [90m[39m
[35m[HTTP][39m [37m-->[39m [37mGET[39m [37m/wd/hub/session/83ebb642-5720-447e-a3d9-49cb2ad13989[39m
[35m[HTTP][39m [90m{}[39m
[35m[HTTP][39m [37m<-- GET /wd/hub/session/83ebb642-5720-447e-a3d9-49cb2ad13989 [39m[32m200[39m [90m29 ms - 1164[39m
[35m[HTTP][39m [90m[39m
[35m[HTTP][39m [37m-->[39m [37mGET[39m [37m/wd/hub/session/83ebb642-5720-447e-a3d9-49cb2ad13989[39m
[35m[HTTP][39m [90m{}[39m
[35m[HTTP][39m [37m<-- GET /wd/hub/session/83ebb642-5720-447e-a3d9-49cb2ad13989 [39m[32m200[39m [90m36 ms - 1164[39m
[35m[HTTP][39m [90m[39m
[35m[HTTP][39m [37m-->[39m [37mGET[39m [37m/wd/hub/status[39m
[35m[HTTP][39m [90m{}[39m
[35m[HTTP][39m [37m<-- GET /wd/hub/status [39m[32m200[39m [90m2 ms - 68[39m
[35m[HTTP][39m [90m[39m
[35m[HTTP][39m [37m-->[39m [37mPOST[39m [37m/wd/hub/session/83ebb642-5720-447e-a3d9-49cb2ad13989/timeouts[39m
[35m[HTTP][39m [90m{"implicit":60000}[39m
[35m[HTTP][39m [37m<-- POST /wd/hub/session/83ebb642-5720-447e-a3d9-49cb2ad13989/timeouts [39m[32m200[39m [90m8 ms - 14[39m
[35m[HTTP][39m [90m[39m
[35m[HTTP][39m [37m-->[39m [37mGET[39m [37m/wd/hub/session/83ebb642-5720-447e-a3d9-49cb2ad13989/screenshot[39m
[35m[HTTP][39m [90m{}[39m
[35m[HTTP][39m [37m<-- GET /wd/hub/session/83ebb642-5720-447e-a3d9-49cb2ad13989/screenshot [39m[32m200[39m [90m458 ms - 117160[39m
[35m[HTTP][39m [90m[39m
[35m[HTTP][39m [37m-->[39m [37mGET[39m [37m/wd/hub/session/83ebb642-5720-447e-a3d9-49cb2ad13989/window/rect[39m
[35m[HTTP][39m [90m{}[39m
[35m[HTTP][39m [37m<-- GET /wd/hub/session/83ebb642-5720-447e-a3d9-49cb2ad13989/window/rect [39m[32m200[39m [90m30 ms - 49[39m
[35m[HTTP][39m [90m[39m
[35m[HTTP][39m [37m-->[39m [37mGET[39m [37m/wd/hub/session/83ebb642-5720-447e-a3d9-49cb2ad13989/appium/device/system_bars[39m
[35m[HTTP][39m [90m{}[39m
[35m[HTTP][39m [37m<-- GET /wd/hub/session/83ebb642-5720-447e-a3d9-49cb2ad13989/appium/device/system_bars [39m[32m200[39m [90m382 ms - 148[39m
[35m[HTTP][39m [90m[39m
[35m[HTTP][39m [37m-->[39m [37mPOST[39m [37m/wd/hub/session/83ebb642-5720-447e-a3d9-49cb2ad13989/appium/device/activate_app[39m
[35m[HTTP][39m [90m{"bundleId":"com.saucelabs.mydemoapp.rn"}[39m
[35m[HTTP][39m [37m<-- POST /wd/hub/session/83ebb642-5720-447e-a3d9-49cb2ad13989/appium/device/activate_app [39m[32m200[39m [90m589 ms - 14[39m
[35m[HTTP][39m [90m[39m
[35m[HTTP][39m [37m-->[39m [37mGET[39m [37m/wd/hub/session/83ebb642-5720-447e-a3d9-49cb2ad13989/source[39m
[35m[HTTP][39m [90m{}[39m
[35m[W3C (83ebb642)][39m Driver proxy active, passing request on via HTTP proxy
[35m[WD Proxy][39m Replacing sessionId a88a898e-2043-4a98-a259-63f8b4399b30 with 83ebb642-5720-447e-a3d9-49cb2ad13989
[35m[HTTP][39m [37m<-- GET /wd/hub/session/83ebb642-5720-447e-a3d9-49cb2ad13989/source [39m[32m200[39m [90m3314 ms - 38683[39m
[35m[HTTP][39m [90m[39m
[35m[HTTP][39m [37m-->[39m [37mGET[39m [37m/wd/hub/session/83ebb642-5720-447e-a3d9-49cb2ad13989/screenshot[39m
[35m[HTTP][39m [90m{}[39m
[35m[HTTP][39m [37m<-- GET /wd/hub/session/83ebb642-5720-447e-a3d9-49cb2ad13989/screenshot [39m[32m200[39m [90m424 ms - 783528[39m
[35m[HTTP][39m [90m[39m
[35m[HTTP][39m [37m-->[39m [37mPOST[39m [37m/wd/hub/session/83ebb642-5720-447e-a3d9-49cb2ad13989/elements[39m
[35m[HTTP][39m [90m{"using":"xpath","value":"//*[@class = 'android.widget.ImageView' and (@text = '' or . = '')]"}[39m
[35m[HTTP][39m [37m<-- POST /wd/hub/session/83ebb642-5720-447e-a3d9-49cb2ad13989/elements [39m[32m200[39m [90m1087 ms - 1035[39m
[35m[HTTP][39m [90m[39m
[35m[HTTP][39m [37m-->[39m [37mPOST[39m [37m/wd/hub/session/83ebb642-5720-447e-a3d9-49cb2ad13989/elements[39m
[35m[HTTP][39m [90m{"using":"-android uiautomator","value":"new UiSelector().className(\"android.widget.ImageView\")"}[39m
[35m[HTTP][39m [37m<-- POST /wd/hub/session/83ebb642-5720-447e-a3d9-49cb2ad13989/elements [39m[32m200[39m [90m162 ms - 1035[39m
[35m[HTTP][39m [90m[39m
[35m[HTTP][39m [37m-->[39m [37mGET[39m [37m/wd/hub/session/83ebb642-5720-447e-a3d9-49cb2ad13989/window/rect[39m
[35m[HTTP][39m [90m{}[39m
[35m[HTTP][39m [37m<-- GET /wd/hub/session/83ebb642-5720-447e-a3d9-49cb2ad13989/window/rect [39m[32m200[39m [90m13 ms - 49[39m
[35m[HTTP][39m [90m[39m
[35m[HTTP][39m [37m-->[39m [37mPOST[39m [37m/wd/hub/session/83ebb642-5720-447e-a3d9-49cb2ad13989/elements[39m
[35m[HTTP][39m [90m{"using":"xpath","value":"//hierarchy/android.widget.FrameLayout[1]/android.widget.LinearLayout[1]/android.widget.FrameLayout[1]/android.widget.LinearLayout[1]/android.widget.FrameLayout[1]/android.widget.FrameLayout[1]/android.view.ViewGroup[1]/android.view.ViewGroup[1]/android.view.ViewGroup[1]/android.view.ViewGroup[1]/android.view.ViewGroup[1]/android.view.ViewGroup[1]/android.widget.FrameLayout[1]/android.view.ViewGroup[1]/android.view.ViewGroup[1]/android.view.ViewGroup[1]/android.view.ViewGroup[1]/android.view.ViewGroup[1]/android.widget.FrameLayout[1]/android.view.ViewGroup[1]/android.view.ViewGroup[1]/android.view.ViewGroup[1]/android.view.ViewGroup[1]/android.view.ViewGroup[1]/android.view.ViewGroup[1]/android.view.ViewGroup[1]/android.view.ViewGroup[1]/android.view.ViewGroup[1]/android.widget.ImageView[1]"}[39m
[35m[HTTP][39m [37m<-- POST /wd/hub/session/83ebb642-5720-447e-a3d9-49cb2ad13989/elements [39m[32m200[39m [90m310 ms - 139[39m
[35m[HTTP][39m [90m[39m
[35m[HTTP][39m [37m-->[39m [37mGET[39m [37m/wd/hub/session/83ebb642-5720-447e-a3d9-49cb2ad13989/element/00000000-0000-0030-ffff-ffff0000006c/location[39m
[35m[HTTP][39m [90m{}[39m
[35m[W3C (83ebb642)][39m Driver proxy active, passing request on via HTTP proxy
[35m[WD Proxy][39m Replacing sessionId a88a898e-2043-4a98-a259-63f8b4399b30 with 83ebb642-5720-447e-a3d9-49cb2ad13989
[35m[HTTP][39m [37m<-- GET /wd/hub/session/83ebb642-5720-447e-a3d9-49cb2ad13989/element/00000000-0000-0030-ffff-ffff0000006c/location [39m[32m200[39m [90m21 ms - 76[39m
[35m[HTTP][39m [90m[39m
[35m[HTTP][39m [37m-->[39m [37mPOST[39m [37m/wd/hub/session/83ebb642-5720-447e-a3d9-49cb2ad13989/element/00000000-0000-0030-ffff-ffff0000006c/click[39m
[35m[HTTP][39m [90m{"id":"00000000-0000-0030-ffff-ffff0000006c"}[39m
[35m[HTTP][39m [37m<-- POST /wd/hub/session/83ebb642-5720-447e-a3d9-49cb2ad13989/element/00000000-0000-0030-ffff-ffff0000006c/click [39m[32m200[39m [90m44 ms - 14[39m
[35m[HTTP][39m [90m[39m
[35m[HTTP][39m [37m-->[39m [37mGET[39m [37m/wd/hub/session/83ebb642-5720-447e-a3d9-49cb2ad13989/source[39m
[35m[HTTP][39m [90m{}[39m
[35m[W3C (83ebb642)][39m Driver proxy active, passing request on via HTTP proxy
[35m[WD Proxy][39m Replacing sessionId a88a898e-2043-4a98-a259-63f8b4399b30 with 83ebb642-5720-447e-a3d9-49cb2ad13989
[35m[HTTP][39m [37m<-- GET /wd/hub/session/83ebb642-5720-447e-a3d9-49cb2ad13989/source [39m[32m200[39m [90m1360 ms - 49270[39m
[35m[HTTP][39m [90m[39m
[35m[HTTP][39m [37m-->[39m [37mGET[39m [37m/wd/hub/session/83ebb642-5720-447e-a3d9-49cb2ad13989/screenshot[39m
[35m[HTTP][39m [90m{}[39m
[35m[HTTP][39m [37m<-- GET /wd/hub/session/83ebb642-5720-447e-a3d9-49cb2ad13989/screenshot [39m[32m200[39m [90m359 ms - 316898[39m
[35m[HTTP][39m [90m[39m
[35m[HTTP][39m [37m-->[39m [37mPOST[39m [37m/wd/hub/session/83ebb642-5720-447e-a3d9-49cb2ad13989/elements[39m
[35m[HTTP][39m [90m{"using":"xpath","value":"//*[@class = 'android.widget.TextView' and (@text = 'Geo Location' or . = 'Geo Location')]"}[39m
[35m[HTTP][39m [37m<-- POST /wd/hub/session/83ebb642-5720-447e-a3d9-49cb2ad13989/elements [39m[32m200[39m [90m665 ms - 139[39m
[35m[HTTP][39m [90m[39m
[35m[HTTP][39m [37m-->[39m [37mGET[39m [37m/wd/hub/session/83ebb642-5720-447e-a3d9-49cb2ad13989/window/rect[39m
[35m[HTTP][39m [90m{}[39m
[35m[HTTP][39m [37m<-- GET /wd/hub/session/83ebb642-5720-447e-a3d9-49cb2ad13989/window/rect [39m[32m200[39m [90m15 ms - 49[39m
[35m[HTTP][39m [90m[39m
[35m[HTTP][39m [37m-->[39m [37mPOST[39m [37m/wd/hub/session/83ebb642-5720-447e-a3d9-49cb2ad13989/elements[39m
[35m[HTTP][39m [90m{"using":"xpath","value":"//*[@class = 'android.widget.TextView' and (@text = 'Geo Location' or . = 'Geo Location')]"}[39m
[35m[HTTP][39m [37m<-- POST /wd/hub/session/83ebb642-5720-447e-a3d9-49cb2ad13989/elements [39m[32m200[39m [90m306 ms - 139[39m
[35m[HTTP][39m [90m[39m
[35m[HTTP][39m [37m-->[39m [37mGET[39m [37m/wd/hub/session/83ebb642-5720-447e-a3d9-49cb2ad13989/element/00000000-0000-0030-ffff-ffff00000080/location[39m
[35m[HTTP][39m [90m{}[39m
[35m[W3C (83ebb642)][39m Driver proxy active, passing request on via HTTP proxy
[35m[WD Proxy][39m Replacing sessionId a88a898e-2043-4a98-a259-63f8b4399b30 with 83ebb642-5720-447e-a3d9-49cb2ad13989
[35m[HTTP][39m [37m<-- GET /wd/hub/session/83ebb642-5720-447e-a3d9-49cb2ad13989/element/00000000-0000-0030-ffff-ffff00000080/location [39m[32m200[39m [90m14 ms - 76[39m
[35m[HTTP][39m [90m[39m
[35m[HTTP][39m [37m-->[39m [37mPOST[39m [37m/wd/hub/session/83ebb642-5720-447e-a3d9-49cb2ad13989/element/00000000-0000-0030-ffff-ffff00000080/click[39m
[35m[HTTP][39m [90m{"id":"00000000-0000-0030-ffff-ffff00000080"}[39m
[35m[HTTP][39m [37m<-- POST /wd/hub/session/83ebb642-5720-447e-a3d9-49cb2ad13989/element/00000000-0000-0030-ffff-ffff00000080/click [39m[32m200[39m [90m22 ms - 14[39m
[35m[HTTP][39m [90m[39m
[35m[HTTP][39m [37m-->[39m [37mGET[39m [37m/wd/hub/session/83ebb642-5720-447e-a3d9-49cb2ad13989/source[39m
[35m[HTTP][39m [90m{}[39m
[35m[W3C (83ebb642)][39m Driver proxy active, passing request on via HTTP proxy
[35m[WD Proxy][39m Replacing sessionId a88a898e-2043-4a98-a259-63f8b4399b30 with 83ebb642-5720-447e-a3d9-49cb2ad13989
[35m[HTTP][39m [37m<-- GET /wd/hub/session/83ebb642-5720-447e-a3d9-49cb2ad13989/source [39m[32m200[39m [90m1429 ms - 22804[39m
[35m[HTTP][39m [90m[39m
[35m[HTTP][39m [37m-->[39m [37mGET[39m [37m/wd/hub/session/83ebb642-5720-447e-a3d9-49cb2ad13989/screenshot[39m
[35m[HTTP][39m [90m{}[39m
[35m[HTTP][39m [37m<-- GET /wd/hub/session/83ebb642-5720-447e-a3d9-49cb2ad13989/screenshot [39m[32m200[39m [90m316 ms - 114990[39m
[35m[HTTP][39m [90m[39m
[35m[HTTP][39m [37m-->[39m [37mPOST[39m [37m/wd/hub/session/83ebb642-5720-447e-a3d9-49cb2ad13989/elements[39m
[35m[HTTP][39m [90m{"using":"xpath","value":"//*[@class = 'android.widget.TextView' and (@text = '37.4219983' or . = '37.4219983')]"}[39m
[35m[HTTP][39m [37m<-- POST /wd/hub/session/83ebb642-5720-447e-a3d9-49cb2ad13989/elements [39m[32m200[39m [90m257 ms - 139[39m
[35m[HTTP][39m [90m[39m
[35m[HTTP][39m [37m-->[39m [37mGET[39m [37m/wd/hub/session/83ebb642-5720-447e-a3d9-49cb2ad13989/window/rect[39m
[35m[HTTP][39m [90m{}[39m
[35m[HTTP][39m [37m<-- GET /wd/hub/session/83ebb642-5720-447e-a3d9-49cb2ad13989/window/rect [39m[32m200[39m [90m24 ms - 49[39m
[35m[HTTP][39m [90m[39m
[35m[HTTP][39m [37m-->[39m [37mPOST[39m [37m/wd/hub/session/83ebb642-5720-447e-a3d9-49cb2ad13989/elements[39m
[35m[HTTP][39m [90m{"using":"xpath","value":"//*[@class = 'android.widget.TextView' and (@text = '37.4219983' or . = '37.4219983')]"}[39m
[35m[HTTP][39m [37m<-- POST /wd/hub/session/83ebb642-5720-447e-a3d9-49cb2ad13989/elements [39m[32m200[39m [90m144 ms - 139[39m
[35m[HTTP][39m [90m[39m
[35m[HTTP][39m [37m-->[39m [37mGET[39m [37m/wd/hub/session/83ebb642-5720-447e-a3d9-49cb2ad13989/element/00000000-0000-0030-ffff-ffff00000090/location[39m
[35m[HTTP][39m [90m{}[39m
[35m[W3C (83ebb642)][39m Driver proxy active, passing request on via HTTP proxy
[35m[WD Proxy][39m Replacing sessionId a88a898e-2043-4a98-a259-63f8b4399b30 with 83ebb642-5720-447e-a3d9-49cb2ad13989
[35m[HTTP][39m [37m<-- GET /wd/hub/session/83ebb642-5720-447e-a3d9-49cb2ad13989/element/00000000-0000-0030-ffff-ffff00000090/location [39m[32m200[39m [90m23 ms - 78[39m
[35m[HTTP][39m [90m[39m
[35m[HTTP][39m [37m-->[39m [37mGET[39m [37m/wd/hub/session/83ebb642-5720-447e-a3d9-49cb2ad13989/element/00000000-0000-0030-ffff-ffff00000090/text[39m
[35m[HTTP][39m [90m{}[39m
[35m[W3C (83ebb642)][39m Driver proxy active, passing request on via HTTP proxy
[35m[WD Proxy][39m Replacing sessionId a88a898e-2043-4a98-a259-63f8b4399b30 with 83ebb642-5720-447e-a3d9-49cb2ad13989
[35m[HTTP][39m [37m<-- GET /wd/hub/session/83ebb642-5720-447e-a3d9-49cb2ad13989/element/00000000-0000-0030-ffff-ffff00000090/text [39m[32m200[39m [90m15 ms - 73[39m
[35m[HTTP][39m [90m[39m
[35m[HTTP][39m [37m-->[39m [37mGET[39m [37m/wd/hub/session/83ebb642-5720-447e-a3d9-49cb2ad13989/source[39m
[35m[HTTP][39m [90m{}[39m
[35m[W3C (83ebb642)][39m Driver proxy active, passing request on via HTTP proxy
[35m[WD Proxy][39m Replacing sessionId a88a898e-2043-4a98-a259-63f8b4399b30 with 83ebb642-5720-447e-a3d9-49cb2ad13989
[35m[HTTP][39m [37m<-- GET /wd/hub/session/83ebb642-5720-447e-a3d9-49cb2ad13989/source [39m[32m200[39m [90m238 ms - 22804[39m
[35m[HTTP][39m [90m[39m
[35m[HTTP][39m [37m-->[39m [37mGET[39m [37m/wd/hub/session/83ebb642-5720-447e-a3d9-49cb2ad13989/screenshot[39m
[35m[HTTP][39m [90m{}[39m
[35m[HTTP][39m [37m<-- GET /wd/hub/session/83ebb642-5720-447e-a3d9-49cb2ad13989/screenshot [39m[32m200[39m [90m279 ms - 114990[39m
[35m[HTTP][39m [90m[39m
[35m[HTTP][39m [37m-->[39m [37mPOST[39m [37m/wd/hub/session/83ebb642-5720-447e-a3d9-49cb2ad13989/elements[39m
[35m[HTTP][39m [90m{"using":"xpath","value":"//*[@class = 'android.widget.TextView' and (@text = '-122.084' or . = '-122.084')]"}[39m
[35m[HTTP][39m [37m<-- POST /wd/hub/session/83ebb642-5720-447e-a3d9-49cb2ad13989/elements [39m[32m200[39m [90m716 ms - 139[39m
[35m[HTTP][39m [90m[39m
[35m[HTTP][39m [37m-->[39m [37mGET[39m [37m/wd/hub/session/83ebb642-5720-447e-a3d9-49cb2ad13989/window/rect[39m
[35m[HTTP][39m [90m{}[39m
[35m[HTTP][39m [37m<-- GET /wd/hub/session/83ebb642-5720-447e-a3d9-49cb2ad13989/window/rect [39m[32m200[39m [90m18 ms - 49[39m
[35m[HTTP][39m [90m[39m
[35m[HTTP][39m [37m-->[39m [37mPOST[39m [37m/wd/hub/session/83ebb642-5720-447e-a3d9-49cb2ad13989/elements[39m
[35m[HTTP][39m [90m{"using":"xpath","value":"//*[@class = 'android.widget.TextView' and (@text = '-122.084' or . = '-122.084')]"}[39m
[35m[HTTP][39m [37m<-- POST /wd/hub/session/83ebb642-5720-447e-a3d9-49cb2ad13989/elements [39m[32m200[39m [90m148 ms - 139[39m
[35m[HTTP][39m [90m[39m
[35m[HTTP][39m [37m-->[39m [37mGET[39m [37m/wd/hub/session/83ebb642-5720-447e-a3d9-49cb2ad13989/element/00000000-0000-0030-ffff-ffff00000092/location[39m
[35m[HTTP][39m [90m{}[39m
[35m[W3C (83ebb642)][39m Driver proxy active, passing request on via HTTP proxy
[35m[WD Proxy][39m Replacing sessionId a88a898e-2043-4a98-a259-63f8b4399b30 with 83ebb642-5720-447e-a3d9-49cb2ad13989
[35m[HTTP][39m [37m<-- GET /wd/hub/session/83ebb642-5720-447e-a3d9-49cb2ad13989/element/00000000-0000-0030-ffff-ffff00000092/location [39m[32m200[39m [90m14 ms - 78[39m
[35m[HTTP][39m [90m[39m
[35m[HTTP][39m [37m-->[39m [37mGET[39m [37m/wd/hub/session/83ebb642-5720-447e-a3d9-49cb2ad13989/element/00000000-0000-0030-ffff-ffff00000092/text[39m
[35m[HTTP][39m [90m{}[39m
[35m[W3C (83ebb642)][39m Driver proxy active, passing request on via HTTP proxy
[35m[WD Proxy][39m Replacing sessionId a88a898e-2043-4a98-a259-63f8b4399b30 with 83ebb642-5720-447e-a3d9-49cb2ad13989
[35m[HTTP][39m [37m<-- GET /wd/hub/session/83ebb642-5720-447e-a3d9-49cb2ad13989/element/00000000-0000-0030-ffff-ffff00000092/text [39m[32m200[39m [90m13 ms - 71[39m
[35m[HTTP][39m [90m[39m
[35m[HTTP][39m [37m-->[39m [37mGET[39m [37m/wd/hub/session/83ebb642-5720-447e-a3d9-49cb2ad13989/source[39m
[35m[HTTP][39m [90m{}[39m
[35m[W3C (83ebb642)][39m Driver proxy active, passing request on via HTTP proxy
[35m[WD Proxy][39m Replacing sessionId a88a898e-2043-4a98-a259-63f8b4399b30 with 83ebb642-5720-447e-a3d9-49cb2ad13989
[35m[HTTP][39m [37m<-- GET /wd/hub/session/83ebb642-5720-447e-a3d9-49cb2ad13989/source [39m[32m200[39m [90m316 ms - 22804[39m
[35m[HTTP][39m [90m[39m
[35m[HTTP][39m [37m-->[39m [37mGET[39m [37m/wd/hub/session/83ebb642-5720-447e-a3d9-49cb2ad13989/screenshot[39m
[35m[HTTP][39m [90m{}[39m
[35m[HTTP][39m [37m<-- GET /wd/hub/session/83ebb642-5720-447e-a3d9-49cb2ad13989/screenshot [39m[32m200[39m [90m257 ms - 115626[39m
[35m[HTTP][39m [90m[39m
[35m[HTTP][39m [37m-->[39m [37mPOST[39m [37m/wd/hub/session/83ebb642-5720-447e-a3d9-49cb2ad13989/elements[39m
[35m[HTTP][39m [90m{"using":"xpath","value":"//*[@class = 'android.widget.ImageView' and (@text = '' or . = '')]"}[39m
[35m[HTTP][39m [37m<-- POST /wd/hub/session/83ebb642-5720-447e-a3d9-49cb2ad13989/elements [39m[32m200[39m [90m311 ms - 395[39m
[35m[HTTP][39m [90m[39m
[35m[HTTP][39m [37m-->[39m [37mPOST[39m [37m/wd/hub/session/83ebb642-5720-447e-a3d9-49cb2ad13989/elements[39m
[35m[HTTP][39m [90m{"using":"-android uiautomator","value":"new UiSelector().className(\"android.widget.ImageView\")"}[39m
[35m[HTTP][39m [37m<-- POST /wd/hub/session/83ebb642-5720-447e-a3d9-49cb2ad13989/elements [39m[32m200[39m [90m65 ms - 395[39m
[35m[HTTP][39m [90m[39m
[35m[HTTP][39m [37m-->[39m [37mGET[39m [37m/wd/hub/session/83ebb642-5720-447e-a3d9-49cb2ad13989/window/rect[39m
[35m[HTTP][39m [90m{}[39m
[35m[HTTP][39m [37m<-- GET /wd/hub/session/83ebb642-5720-447e-a3d9-49cb2ad13989/window/rect [39m[32m200[39m [90m12 ms - 49[39m
[35m[HTTP][39m [90m[39m
[35m[HTTP][39m [37m-->[39m [37mPOST[39m [37m/wd/hub/session/83ebb642-5720-447e-a3d9-49cb2ad13989/elements[39m
[35m[HTTP][39m [90m{"using":"xpath","value":"//hierarchy/android.widget.FrameLayout[1]/android.widget.LinearLayout[1]/android.widget.FrameLayout[1]/android.widget.LinearLayout[1]/android.widget.FrameLayout[1]/android.widget.FrameLayout[1]/android.view.ViewGroup[1]/android.view.ViewGroup[1]/android.view.ViewGroup[1]/android.view.ViewGroup[1]/android.view.ViewGroup[1]/android.view.ViewGroup[1]/android.widget.FrameLayout[1]/android.view.ViewGroup[1]/android.view.ViewGroup[1]/android.view.ViewGroup[1]/android.view.ViewGroup[1]/android.view.ViewGroup[1]/android.widget.FrameLayout[1]/android.view.ViewGroup[1]/android.view.ViewGroup[1]/android.view.ViewGroup[2]/android.view.ViewGroup[1]/android.view.ViewGroup[1]/android.view.ViewGroup[1]/android.view.ViewGroup[1]/android.view.ViewGroup[1]/android.view.ViewGroup[1]/android.widget.ImageView[1]"}[39m
[35m[HTTP][39m [37m<-- POST /wd/hub/session/83ebb642-5720-447e-a3d9-49cb2ad13989/elements [39m[32m200[39m [90m140 ms - 139[39m
[35m[HTTP][39m [90m[39m
[35m[HTTP][39m [37m-->[39m [37mGET[39m [37m/wd/hub/session/83ebb642-5720-447e-a3d9-49cb2ad13989/element/00000000-0000-0030-ffff-ffff000000ac/location[39m
[35m[HTTP][39m [90m{}[39m
[35m[W3C (83ebb642)][39m Driver proxy active, passing request on via HTTP proxy
[35m[WD Proxy][39m Replacing sessionId a88a898e-2043-4a98-a259-63f8b4399b30 with 83ebb642-5720-447e-a3d9-49cb2ad13989
[35m[HTTP][39m [37m<-- GET /wd/hub/session/83ebb642-5720-447e-a3d9-49cb2ad13989/element/00000000-0000-0030-ffff-ffff000000ac/location [39m[32m200[39m [90m21 ms - 76[39m
[35m[HTTP][39m [90m[39m
[35m[HTTP][39m [37m-->[39m [37mPOST[39m [37m/wd/hub/session/83ebb642-5720-447e-a3d9-49cb2ad13989/element/00000000-0000-0030-ffff-ffff000000ac/click[39m
[35m[HTTP][39m [90m{"id":"00000000-0000-0030-ffff-ffff000000ac"}[39m
[35m[HTTP][39m [37m<-- POST /wd/hub/session/83ebb642-5720-447e-a3d9-49cb2ad13989/element/00000000-0000-0030-ffff-ffff000000ac/click [39m[32m200[39m [90m26 ms - 14[39m
[35m[HTTP][39m [90m[39m
[35m[HTTP][39m [37m-->[39m [37mGET[39m [37m/wd/hub/session/83ebb642-5720-447e-a3d9-49cb2ad13989/source[39m
[35m[HTTP][39m [90m{}[39m
[35m[W3C (83ebb642)][39m Driver proxy active, passing request on via HTTP proxy
[35m[WD Proxy][39m Replacing sessionId a88a898e-2043-4a98-a259-63f8b4399b30 with 83ebb642-5720-447e-a3d9-49cb2ad13989
[35m[HTTP][39m [37m<-- GET /wd/hub/session/83ebb642-5720-447e-a3d9-49cb2ad13989/source [39m[32m200[39m [90m1192 ms - 33391[39m
[35m[HTTP][39m [90m[39m
[35m[HTTP][39m [37m-->[39m [37mGET[39m [37m/wd/hub/session/83ebb642-5720-447e-a3d9-49cb2ad13989/screenshot[39m
[35m[HTTP][39m [90m{}[39m
[35m[HTTP][39m [37m<-- GET /wd/hub/session/83ebb642-5720-447e-a3d9-49cb2ad13989/screenshot [39m[32m200[39m [90m282 ms - 96158[39m
[35m[HTTP][39m [90m[39m
[35m[HTTP][39m [37m-->[39m [37mPOST[39m [37m/wd/hub/session/83ebb642-5720-447e-a3d9-49cb2ad13989/elements[39m
[35m[HTTP][39m [90m{"using":"xpath","value":"//*[@class = 'android.widget.TextView' and (@text = 'Log In' or . = 'Log In')]"}[39m
[35m[HTTP][39m [37m<-- POST /wd/hub/session/83ebb642-5720-447e-a3d9-49cb2ad13989/elements [39m[32m200[39m [90m354 ms - 139[39m
[35m[HTTP][39m [90m[39m
[35m[HTTP][39m [37m-->[39m [37mGET[39m [37m/wd/hub/session/83ebb642-5720-447e-a3d9-49cb2ad13989/window/rect[39m
[35m[HTTP][39m [90m{}[39m
[35m[HTTP][39m [37m<-- GET /wd/hub/session/83ebb642-5720-447e-a3d9-49cb2ad13989/window/rect [39m[32m200[39m [90m23 ms - 49[39m
[35m[HTTP][39m [90m[39m
[35m[HTTP][39m [37m-->[39m [37mPOST[39m [37m/wd/hub/session/83ebb642-5720-447e-a3d9-49cb2ad13989/elements[39m
[35m[HTTP][39m [90m{"using":"xpath","value":"//*[@class = 'android.widget.TextView' and (@text = 'Log In' or . = 'Log In')]"}[39m
[35m[HTTP][39m [37m<-- POST /wd/hub/session/83ebb642-5720-447e-a3d9-49cb2ad13989/elements [39m[32m200[39m [90m212 ms - 139[39m
[35m[HTTP][39m [90m[39m
[35m[HTTP][39m [37m-->[39m [37mGET[39m [37m/wd/hub/session/83ebb642-5720-447e-a3d9-49cb2ad13989/element/00000000-0000-0030-ffff-ffff00000085/location[39m
[35m[HTTP][39m [90m{}[39m
[35m[W3C (83ebb642)][39m Driver proxy active, passing request on via HTTP proxy
[35m[WD Proxy][39m Replacing sessionId a88a898e-2043-4a98-a259-63f8b4399b30 with 83ebb642-5720-447e-a3d9-49cb2ad13989
[35m[HTTP][39m [37m<-- GET /wd/hub/session/83ebb642-5720-447e-a3d9-49cb2ad13989/element/00000000-0000-0030-ffff-ffff00000085/location [39m[32m200[39m [90m26 ms - 77[39m
[35m[HTTP][39m [90m[39m
[35m[HTTP][39m [37m-->[39m [37mPOST[39m [37m/wd/hub/session/83ebb642-5720-447e-a3d9-49cb2ad13989/element/00000000-0000-0030-ffff-ffff00000085/click[39m
[35m[HTTP][39m [90m{"id":"00000000-0000-0030-ffff-ffff00000085"}[39m
[35m[HTTP][39m [37m<-- POST /wd/hub/session/83ebb642-5720-447e-a3d9-49cb2ad13989/element/00000000-0000-0030-ffff-ffff00000085/click [39m[32m200[39m [90m24 ms - 14[39m
[35m[HTTP][39m [90m[39m
[35m[HTTP][39m [37m-->[39m [37mGET[39m [37m/wd/hub/session/83ebb642-5720-447e-a3d9-49cb2ad13989/source[39m
[35m[HTTP][39m [90m{}[39m
[35m[W3C (83ebb642)][39m Driver proxy active, passing request on via HTTP proxy
[35m[WD Proxy][39m Replacing sessionId a88a898e-2043-4a98-a259-63f8b4399b30 with 83ebb642-5720-447e-a3d9-49cb2ad13989
[35m[HTTP][39m [37m<-- GET /wd/hub/session/83ebb642-5720-447e-a3d9-49cb2ad13989/source [39m[32m200[39m [90m1595 ms - 23544[39m
[35m[HTTP][39m [90m[39m
[35m[HTTP][39m [37m-->[39m [37mGET[39m [37m/wd/hub/session/83ebb642-5720-447e-a3d9-49cb2ad13989/screenshot[39m
[35m[HTTP][39m [90m{}[39m
[35m[HTTP][39m [37m<-- GET /wd/hub/session/83ebb642-5720-447e-a3d9-49cb2ad13989/screenshot [39m[32m200[39m [90m370 ms - 70858[39m
[35m[HTTP][39m [90m[39m
[35m[HTTP][39m [37m-->[39m [37mPOST[39m [37m/wd/hub/session/83ebb642-5720-447e-a3d9-49cb2ad13989/elements[39m
[35m[HTTP][39m [90m{"using":"xpath","value":"//*[@class = 'android.widget.EditText' and (@text = '' or . = '')]"}[39m
[35m[HTTP][39m [37m<-- POST /wd/hub/session/83ebb642-5720-447e-a3d9-49cb2ad13989/elements [39m[32m200[39m [90m253 ms - 267[39m
[35m[HTTP][39m [90m[39m
[35m[HTTP][39m [37m-->[39m [37mPOST[39m [37m/wd/hub/session/83ebb642-5720-447e-a3d9-49cb2ad13989/elements[39m
[35m[HTTP][39m [90m{"using":"accessibility id","value":"Username input field"}[39m
[35m[HTTP][39m [37m<-- POST /wd/hub/session/83ebb642-5720-447e-a3d9-49cb2ad13989/elements [39m[32m200[39m [90m42 ms - 139[39m
[35m[HTTP][39m [90m[39m
[35m[HTTP][39m [37m-->[39m [37mGET[39m [37m/wd/hub/session/83ebb642-5720-447e-a3d9-49cb2ad13989/window/rect[39m
[35m[HTTP][39m [90m{}[39m
[35m[HTTP][39m [37m<-- GET /wd/hub/session/83ebb642-5720-447e-a3d9-49cb2ad13989/window/rect [39m[32m200[39m [90m30 ms - 49[39m
[35m[HTTP][39m [90m[39m
[35m[HTTP][39m [37m-->[39m [37mPOST[39m [37m/wd/hub/session/83ebb642-5720-447e-a3d9-49cb2ad13989/elements[39m
[35m[HTTP][39m [90m{"using":"accessibility id","value":"Username input field"}[39m
[35m[HTTP][39m [37m<-- POST /wd/hub/session/83ebb642-5720-447e-a3d9-49cb2ad13989/elements [39m[32m200[39m [90m69 ms - 139[39m
[35m[HTTP][39m [90m[39m
[35m[HTTP][39m [37m-->[39m [37mGET[39m [37m/wd/hub/session/83ebb642-5720-447e-a3d9-49cb2ad13989/element/00000000-0000-0030-ffff-ffff000000b2/location[39m
[35m[HTTP][39m [90m{}[39m
[35m[W3C (83ebb642)][39m Driver proxy active, passing request on via HTTP proxy
[35m[WD Proxy][39m Replacing sessionId a88a898e-2043-4a98-a259-63f8b4399b30 with 83ebb642-5720-447e-a3d9-49cb2ad13989
[35m[HTTP][39m [37m<-- GET /wd/hub/session/83ebb642-5720-447e-a3d9-49cb2ad13989/element/00000000-0000-0030-ffff-ffff000000b2/location [39m[32m200[39m [90m22 ms - 77[39m
[35m[HTTP][39m [90m[39m
[35m[HTTP][39m [37m-->[39m [37mPOST[39m [37m/wd/hub/session/83ebb642-5720-447e-a3d9-49cb2ad13989/element/00000000-0000-0030-ffff-ffff000000b2/clear[39m
[35m[HTTP][39m [90m{"id":"00000000-0000-0030-ffff-ffff000000b2"}[39m
[35m[HTTP][39m [37m<-- POST /wd/hub/session/83ebb642-5720-447e-a3d9-49cb2ad13989/element/00000000-0000-0030-ffff-ffff000000b2/clear [39m[32m200[39m [90m39 ms - 14[39m
[35m[HTTP][39m [90m[39m
[35m[HTTP][39m [37m-->[39m [37mPOST[39m [37m/wd/hub/session/83ebb642-5720-447e-a3d9-49cb2ad13989/element/00000000-0000-0030-ffff-ffff000000b2/value[39m
[35m[HTTP][39m [90m{"id":"00000000-0000-0030-ffff-ffff000000b2","text":"aaaa","value":["a","a","a","a"]}[39m
[35m[HTTP][39m [37m<-- POST /wd/hub/session/83ebb642-5720-447e-a3d9-49cb2ad13989/element/00000000-0000-0030-ffff-ffff000000b2/value [39m[32m200[39m [90m417 ms - 14[39m
[35m[HTTP][39m [90m[39m
[35m[HTTP][39m [37m-->[39m [37mGET[39m [37m/wd/hub/session/83ebb642-5720-447e-a3d9-49cb2ad13989/source[39m
[35m[HTTP][39m [90m{}[39m
[35m[W3C (83ebb642)][39m Driver proxy active, passing request on via HTTP proxy
[35m[WD Proxy][39m Replacing sessionId a88a898e-2043-4a98-a259-63f8b4399b30 with 83ebb642-5720-447e-a3d9-49cb2ad13989
[35m[HTTP][39m [37m<-- GET /wd/hub/session/83ebb642-5720-447e-a3d9-49cb2ad13989/source [39m[32m200[39m [90m282 ms - 23548[39m
[35m[HTTP][39m [90m[39m
[35m[HTTP][39m [37m-->[39m [37mGET[39m [37m/wd/hub/session/83ebb642-5720-447e-a3d9-49cb2ad13989/screenshot[39m
[35m[HTTP][39m [90m{}[39m
[35m[HTTP][39m [37m<-- GET /wd/hub/session/83ebb642-5720-447e-a3d9-49cb2ad13989/screenshot [39m[32m200[39m [90m236 ms - 71818[39m
[35m[HTTP][39m [90m[39m
[35m[HTTP][39m [37m-->[39m [37mPOST[39m [37m/wd/hub/session/83ebb642-5720-447e-a3d9-49cb2ad13989/elements[39m
[35m[HTTP][39m [90m{"using":"xpath","value":"//*[@class = 'android.widget.EditText' and (@text = '' or . = '')]"}[39m
[35m[HTTP][39m [37m<-- POST /wd/hub/session/83ebb642-5720-447e-a3d9-49cb2ad13989/elements [39m[32m200[39m [90m199 ms - 267[39m
[35m[HTTP][39m [90m[39m
[35m[HTTP][39m [37m-->[39m [37mPOST[39m [37m/wd/hub/session/83ebb642-5720-447e-a3d9-49cb2ad13989/elements[39m
[35m[HTTP][39m [90m{"using":"accessibility id","value":"Password input field"}[39m
[35m[HTTP][39m [37m<-- POST /wd/hub/session/83ebb642-5720-447e-a3d9-49cb2ad13989/elements [39m[32m200[39m [90m74 ms - 139[39m
[35m[HTTP][39m [90m[39m
[35m[HTTP][39m [37m-->[39m [37mGET[39m [37m/wd/hub/session/83ebb642-5720-447e-a3d9-49cb2ad13989/window/rect[39m
[35m[HTTP][39m [90m{}[39m
[35m[HTTP][39m [37m<-- GET /wd/hub/session/83ebb642-5720-447e-a3d9-49cb2ad13989/window/rect [39m[32m200[39m [90m23 ms - 49[39m
[35m[HTTP][39m [90m[39m
[35m[HTTP][39m [37m-->[39m [37mPOST[39m [37m/wd/hub/session/83ebb642-5720-447e-a3d9-49cb2ad13989/elements[39m
[35m[HTTP][39m [90m{"using":"accessibility id","value":"Password input field"}[39m
[35m[HTTP][39m [37m<-- POST /wd/hub/session/83ebb642-5720-447e-a3d9-49cb2ad13989/elements [39m[32m200[39m [90m41 ms - 139[39m
[35m[HTTP][39m [90m[39m
[35m[HTTP][39m [37m-->[39m [37mGET[39m [37m/wd/hub/session/83ebb642-5720-447e-a3d9-49cb2ad13989/element/00000000-0000-0030-ffff-ffff000000b3/location[39m
[35m[HTTP][39m [90m{}[39m
[35m[W3C (83ebb642)][39m Driver proxy active, passing request on via HTTP proxy
[35m[WD Proxy][39m Replacing sessionId a88a898e-2043-4a98-a259-63f8b4399b30 with 83ebb642-5720-447e-a3d9-49cb2ad13989
[35m[HTTP][39m [37m<-- GET /wd/hub/session/83ebb642-5720-447e-a3d9-49cb2ad13989/element/00000000-0000-0030-ffff-ffff000000b3/location [39m[32m200[39m [90m21 ms - 77[39m
[35m[HTTP][39m [90m[39m
[35m[HTTP][39m [37m-->[39m [37mPOST[39m [37m/wd/hub/session/83ebb642-5720-447e-a3d9-49cb2ad13989/element/00000000-0000-0030-ffff-ffff000000b3/clear[39m
[35m[HTTP][39m [90m{"id":"00000000-0000-0030-ffff-ffff000000b3"}[39m
[35m[HTTP][39m [37m<-- POST /wd/hub/session/83ebb642-5720-447e-a3d9-49cb2ad13989/element/00000000-0000-0030-ffff-ffff000000b3/clear [39m[32m200[39m [90m20 ms - 14[39m
[35m[HTTP][39m [90m[39m
[35m[HTTP][39m [37m-->[39m [37mPOST[39m [37m/wd/hub/session/83ebb642-5720-447e-a3d9-49cb2ad13989/element/00000000-0000-0030-ffff-ffff000000b3/value[39m
[35m[HTTP][39m [90m{"id":"00000000-0000-0030-ffff-ffff000000b3","text":"bbb","value":["b","b","b"]}[39m
[35m[HTTP][39m [37m<-- POST /wd/hub/session/83ebb642-5720-447e-a3d9-49cb2ad13989/element/00000000-0000-0030-ffff-ffff000000b3/value [39m[32m200[39m [90m498 ms - 14[39m
[35m[HTTP][39m [90m[39m
[35m[HTTP][39m [37m-->[39m [37mGET[39m [37m/wd/hub/session/83ebb642-5720-447e-a3d9-49cb2ad13989/source[39m
[35m[HTTP][39m [90m{}[39m
[35m[W3C (83ebb642)][39m Driver proxy active, passing request on via HTTP proxy
[35m[WD Proxy][39m Replacing sessionId a88a898e-2043-4a98-a259-63f8b4399b30 with 83ebb642-5720-447e-a3d9-49cb2ad13989
[35m[HTTP][39m [37m<-- GET /wd/hub/session/83ebb642-5720-447e-a3d9-49cb2ad13989/source [39m[32m200[39m [90m284 ms - 23557[39m
[35m[HTTP][39m [90m[39m
[35m[HTTP][39m [37m-->[39m [37mGET[39m [37m/wd/hub/session/83ebb642-5720-447e-a3d9-49cb2ad13989/screenshot[39m
[35m[HTTP][39m [90m{}[39m
[35m[HTTP][39m [37m<-- GET /wd/hub/session/83ebb642-5720-447e-a3d9-49cb2ad13989/screenshot [39m[32m200[39m [90m330 ms - 72102[39m
[35m[HTTP][39m [90m[39m
[35m[HTTP][39m [37m-->[39m [37mDELETE[39m [37m/wd/hub/session/83ebb642-5720-447e-a3d9-49cb2ad13989[39m
[35m[HTTP][39m [90m{}[39m
[35m[Appium][39m Removing session 83ebb642-5720-447e-a3d9-49cb2ad13989 from our master session list
[35m[HTTP][39m [37m<-- DELETE /wd/hub/session/83ebb642-5720-447e-a3d9-49cb2ad13989 [39m[32m200[39m [90m4789 ms - 14[39m
[35m[HTTP][39m [90m[39m
